\BOOKMARK [1][-]{section.1}{Introduction}{}% 1
\BOOKMARK [2][-]{subsection.1.1}{Pr\351sentation g\351n\351rale du projet}{section.1}% 2
\BOOKMARK [2][-]{subsection.1.2}{Choix du sujet}{section.1}% 3
\BOOKMARK [1][-]{section.2}{Description des t\342ches}{}% 4
\BOOKMARK [2][-]{subsection.2.1}{Entit\351s}{section.2}% 5
\BOOKMARK [2][-]{subsection.2.2}{Cat\351gories}{section.2}% 6
\BOOKMARK [2][-]{subsection.2.3}{Polarit\351}{section.2}% 7
\BOOKMARK [1][-]{section.3}{Jeux de donn\351es}{}% 8
\BOOKMARK [2][-]{subsection.3.1}{Structure des jeux de donn\351es}{section.3}% 9
\BOOKMARK [2][-]{subsection.3.2}{Modification des jeux de donn\351es}{section.3}% 10
\BOOKMARK [1][-]{section.4}{Impl\351mentation de l'algorithme}{}% 11
\BOOKMARK [2][-]{subsection.4.1}{DataInitializer.py}{section.4}% 12
\BOOKMARK [2][-]{subsection.4.2}{PreProcessing.py}{section.4}% 13
\BOOKMARK [2][-]{subsection.4.3}{Classify.py}{section.4}% 14
\BOOKMARK [2][-]{subsection.4.4}{PlotResult.py}{section.4}% 15
\BOOKMARK [1][-]{section.5}{R\351sultat obtenus}{}% 16
\BOOKMARK [2][-]{subsection.5.1}{R\351sultat g\351n\351ral}{section.5}% 17
\BOOKMARK [2][-]{subsection.5.2}{R\351sultat pour la valeur 1}{section.5}% 18
\BOOKMARK [2][-]{subsection.5.3}{R\351sultat par entit\351s}{section.5}% 19
\BOOKMARK [2][-]{subsection.5.4}{R\351sultat de la polarit\351}{section.5}% 20
\BOOKMARK [1][-]{section.6}{Les am\351liorations possibles}{}% 21
\BOOKMARK [2][-]{subsection.6.1}{Les classe}{section.6}% 22
\BOOKMARK [2][-]{subsection.6.2}{Le jeu de donn\351es}{section.6}% 23
\BOOKMARK [2][-]{subsection.6.3}{Les marques et mod\350les}{section.6}% 24
\BOOKMARK [2][-]{subsection.6.4}{La polarit\351}{section.6}% 25
\BOOKMARK [1][-]{section.7}{Conclusion}{}% 26
\BOOKMARK [1][-]{section.8}{R\351f\351rences}{}% 27
